<?xml version="1.0" encoding="UTF-8"?>
<testng-results total="1" passed="1" failed="0" skipped="0">
  <reporter-output>
  </reporter-output>
  <suite started-at="2019-08-27T07:53:18Z" name="Suite" finished-at="2019-08-27T07:53:25Z" duration-ms="7580">
    <groups>
    </groups>
    <test started-at="2019-08-27T07:53:18Z" name="Test" finished-at="2019-08-27T07:53:25Z" duration-ms="7580">
      <class name="FirstScript">
        <test-method signature="test1()[pri:0, instance:FirstScript@399c4be1]" started-at="2019-08-27T13:23:18Z" name="test1" finished-at="2019-08-27T13:23:25Z" duration-ms="7556" status="PASS">
          <reporter-output>
          </reporter-output>
        </test-method> <!-- test1 -->
      </class> <!-- FirstScript -->
    </test> <!-- Test -->
  </suite> <!-- Suite -->
</testng-results>
